2025/06/11 17:05:31.042972 mysql.go:31: 成功连接到 MySQL 数据库
2025/06/11 17:05:31.066950 canServer.go:142: Can Server start listening on 8899
2025/06/11 17:05:31.154359 canServer.go:154: -----------------Can Server listener.Accept before-----------------
2025/06/11 17:06:20.274953 inital.go:39: full name:build\js\chunk-vendors.9bc33fa8.js---name:chunk-vendors.9bc33fa8.js
2025/06/11 17:06:20.274953 inital.go:39: full name:build\js\chunk-vendors.9bc33fa8.js---name:chunk-vendors.9bc33fa8.js
2025/06/11 17:06:20.298736 inital.go:39: full name:build\js\app.8a079c20.js---name:app.8a079c20.js
2025/06/11 17:06:20.298736 inital.go:39: full name:build\js\app.8a079c20.js---name:app.8a079c20.js
2025/06/11 17:06:20.668047 inital.go:39: full name:build\js\570.98bc7d2c.js---name:570.98bc7d2c.js
2025/06/11 17:06:20.668047 inital.go:39: full name:build\js\570.98bc7d2c.js---name:570.98bc7d2c.js
2025/06/11 17:06:20.668552 inital.go:39: full name:build\js\701.b84956ec.js---name:701.b84956ec.js
2025/06/11 17:06:20.668552 inital.go:39: full name:build\js\701.b84956ec.js---name:701.b84956ec.js
2025/06/11 17:06:20.670183 inital.go:39: full name:build\css\701.ee156aa5.css---name:701.ee156aa5.css
2025/06/11 17:06:20.670183 inital.go:39: full name:build\css\701.ee156aa5.css---name:701.ee156aa5.css
2025/06/11 17:06:20.670183 inital.go:39: full name:build\js\313.bcb18867.js---name:313.bcb18867.js
2025/06/11 17:06:20.670183 inital.go:39: full name:build\js\313.bcb18867.js---name:313.bcb18867.js
2025/06/11 17:06:20.808433 inital.go:39: full name:build\js\chunk-vendors.9bc33fa8.js.map---name:chunk-vendors.9bc33fa8.js.map
2025/06/11 17:06:20.808433 inital.go:39: full name:build\js\chunk-vendors.9bc33fa8.js.map---name:chunk-vendors.9bc33fa8.js.map
2025/06/11 17:06:20.815966 inital.go:39: full name:build\js\app.8a079c20.js.map---name:app.8a079c20.js.map
2025/06/11 17:06:20.815966 inital.go:39: full name:build\js\app.8a079c20.js.map---name:app.8a079c20.js.map
2025/06/11 17:06:20.826002 inital.go:39: full name:build\js\570.98bc7d2c.js.map---name:570.98bc7d2c.js.map
2025/06/11 17:06:20.826002 inital.go:39: full name:build\js\570.98bc7d2c.js.map---name:570.98bc7d2c.js.map
2025/06/11 17:06:20.826002 inital.go:39: full name:build\js\701.b84956ec.js.map---name:701.b84956ec.js.map
2025/06/11 17:06:20.826002 inital.go:39: full name:build\js\701.b84956ec.js.map---name:701.b84956ec.js.map
2025/06/11 17:06:20.896895 inital.go:39: full name:build\js\313.bcb18867.js.map---name:313.bcb18867.js.map
2025/06/11 17:06:20.896895 inital.go:39: full name:build\js\313.bcb18867.js.map---name:313.bcb18867.js.map
2025/06/11 17:06:30.784104 inital.go:39: full name:build\js\605.e511ab5f.js---name:605.e511ab5f.js
2025/06/11 17:06:30.784632 inital.go:39: full name:build\js\605.e511ab5f.js---name:605.e511ab5f.js
2025/06/11 17:06:30.785542 inital.go:39: full name:build\css\878.f34c0d03.css---name:878.f34c0d03.css
2025/06/11 17:06:30.785542 inital.go:39: full name:build\css\878.f34c0d03.css---name:878.f34c0d03.css
2025/06/11 17:06:30.788147 inital.go:39: full name:build\js\878.dccb0dfb.js---name:878.dccb0dfb.js
2025/06/11 17:06:30.788147 inital.go:39: full name:build\js\878.dccb0dfb.js---name:878.dccb0dfb.js
2025/06/11 17:06:31.319563 inital.go:39: full name:build\js\327.b0d26128.js---name:327.b0d26128.js
2025/06/11 17:06:31.319563 inital.go:39: full name:build\js\327.b0d26128.js---name:327.b0d26128.js
2025/06/11 17:06:31.319563 inital.go:39: full name:build\css\327.5857a6af.css---name:327.5857a6af.css
2025/06/11 17:06:31.319563 inital.go:39: full name:build\css\327.5857a6af.css---name:327.5857a6af.css
2025/06/11 17:06:31.485027 inital.go:39: full name:build\css\550.f34c0d03.css---name:550.f34c0d03.css
2025/06/11 17:06:31.485027 inital.go:39: full name:build\css\550.f34c0d03.css---name:550.f34c0d03.css
2025/06/11 17:06:31.509232 inital.go:39: full name:build\js\550.0bb341b8.js---name:550.0bb341b8.js
2025/06/11 17:06:31.509232 inital.go:39: full name:build\js\550.0bb341b8.js---name:550.0bb341b8.js
2025/06/11 17:06:31.682783 inital.go:39: full name:build\js\172.2b15f4ba.js---name:172.2b15f4ba.js
2025/06/11 17:06:31.682783 inital.go:39: full name:build\js\172.2b15f4ba.js---name:172.2b15f4ba.js
2025/06/11 17:07:21.892323 inital.go:39: full name:build\js\687.07dda23f.js---name:687.07dda23f.js
2025/06/11 17:07:21.892323 inital.go:39: full name:build\js\687.07dda23f.js---name:687.07dda23f.js
